<?xml version="1.0" encoding="UTF-8"?>
<!-- Generated by org.testng.reporters.JUnitReportReporter -->
<testsuite skipped="0" hostname="BDC6-DX-6FF9NK2" name="testmeapp.tests.onlineshoppingtest" tests="4" failures="0" timestamp="23 Sep 2019 09:31:45 GMT" time="23.774" errors="0">
  <testcase name="testRegistration" time="4.357" classname="testmeapp.tests.onlineshoppingtest"/>
  <testcase name="testLogin" time="1.325" classname="testmeapp.tests.onlineshoppingtest"/>
  <testcase name="testCart" time="5.522" classname="testmeapp.tests.onlineshoppingtest"/>
  <testcase name="testPayment" time="12.570" classname="testmeapp.tests.onlineshoppingtest"/>
</testsuite> <!-- testmeapp.tests.onlineshoppingtest -->
